<?xml version="1.0" encoding="UTF-8"?>
<coverage generated="1674037406693" clover="3.2.0">
  <project timestamp="1674037406693" name="All files">
    <metrics statements="54" coveredstatements="37" conditionals="26" coveredconditionals="0" methods="27" coveredmethods="4" elements="107" coveredelements="41" complexity="0" loc="54" ncloc="54" packages="4" files="14" classes="14"/>
    <package name="assets.images">
      <metrics statements="1" coveredstatements="1" conditionals="0" coveredconditionals="0" methods="0" coveredmethods="0"/>
      <file name="logo.png" path="C:\Users\User\Downloads\Varios\React\vite-react-tailwind-rick-and-morty\src\assets\images\logo.png">
        <metrics statements="1" coveredstatements="1" conditionals="0" coveredconditionals="0" methods="0" coveredmethods="0"/>
        <line num="1" count="2" type="stmt"/>
      </file>
    </package>
    <package name="components">
      <metrics statements="38" coveredstatements="29" conditionals="18" coveredconditionals="0" methods="22" coveredmethods="4"/>
      <file name="Button.tsx" path="C:\Users\User\Downloads\Varios\React\vite-react-tailwind-rick-and-morty\src\components\Button.tsx">
        <metrics statements="2" coveredstatements="1" conditionals="2" coveredconditionals="0" methods="1" coveredmethods="0"/>
        <line num="1" count="2" type="stmt"/>
        <line num="6" count="0" type="stmt"/>
      </file>
      <file name="DetailCard.tsx" path="C:\Users\User\Downloads\Varios\React\vite-react-tailwind-rick-and-morty\src\components\DetailCard.tsx">
        <metrics statements="5" coveredstatements="4" conditionals="0" coveredconditionals="0" methods="1" coveredmethods="0"/>
        <line num="1" count="2" type="stmt"/>
        <line num="2" count="2" type="stmt"/>
        <line num="3" count="2" type="stmt"/>
        <line num="5" count="2" type="stmt"/>
        <line num="6" count="0" type="stmt"/>
      </file>
      <file name="Form.tsx" path="C:\Users\User\Downloads\Varios\React\vite-react-tailwind-rick-and-morty\src\components\Form.tsx">
        <metrics statements="2" coveredstatements="1" conditionals="0" coveredconditionals="0" methods="1" coveredmethods="0"/>
        <line num="1" count="2" type="stmt"/>
        <line num="2" count="0" type="stmt"/>
      </file>
      <file name="GenericInput.tsx" path="C:\Users\User\Downloads\Varios\React\vite-react-tailwind-rick-and-morty\src\components\GenericInput.tsx">
        <metrics statements="2" coveredstatements="1" conditionals="0" coveredconditionals="0" methods="1" coveredmethods="0"/>
        <line num="1" count="2" type="stmt"/>
        <line num="2" count="0" type="stmt"/>
      </file>
      <file name="Image.tsx" path="C:\Users\User\Downloads\Varios\React\vite-react-tailwind-rick-and-morty\src\components\Image.tsx">
        <metrics statements="2" coveredstatements="2" conditionals="5" coveredconditionals="0" methods="1" coveredmethods="1"/>
        <line num="1" count="2" type="cond" truecount="0" falsecount="5"/>
        <line num="2" count="1" type="stmt"/>
      </file>
      <file name="SearchInput.tsx" path="C:\Users\User\Downloads\Varios\React\vite-react-tailwind-rick-and-morty\src\components\SearchInput.tsx">
        <metrics statements="3" coveredstatements="2" conditionals="0" coveredconditionals="0" methods="1" coveredmethods="0"/>
        <line num="1" count="2" type="stmt"/>
        <line num="3" count="2" type="stmt"/>
        <line num="4" count="0" type="stmt"/>
      </file>
      <file name="SimpleCard.tsx" path="C:\Users\User\Downloads\Varios\React\vite-react-tailwind-rick-and-morty\src\components\SimpleCard.tsx">
        <metrics statements="2" coveredstatements="1" conditionals="0" coveredconditionals="0" methods="1" coveredmethods="0"/>
        <line num="1" count="2" type="stmt"/>
        <line num="2" count="0" type="stmt"/>
      </file>
      <file name="Span.tsx" path="C:\Users\User\Downloads\Varios\React\vite-react-tailwind-rick-and-morty\src\components\Span.tsx">
        <metrics statements="2" coveredstatements="2" conditionals="2" coveredconditionals="0" methods="1" coveredmethods="1"/>
        <line num="1" count="2" type="cond" truecount="0" falsecount="2"/>
        <line num="2" count="1" type="stmt"/>
      </file>
      <file name="Table.tsx" path="C:\Users\User\Downloads\Varios\React\vite-react-tailwind-rick-and-morty\src\components\Table.tsx">
        <metrics statements="3" coveredstatements="2" conditionals="3" coveredconditionals="0" methods="1" coveredmethods="0"/>
        <line num="1" count="2" type="stmt"/>
        <line num="4" count="0" type="stmt"/>
        <line num="17" count="2" type="stmt"/>
      </file>
      <file name="Title.tsx" path="C:\Users\User\Downloads\Varios\React\vite-react-tailwind-rick-and-morty\src\components\Title.tsx">
        <metrics statements="3" coveredstatements="1" conditionals="6" coveredconditionals="0" methods="1" coveredmethods="0"/>
        <line num="1" count="2" type="cond" truecount="0" falsecount="2"/>
        <line num="3" count="0" type="cond" truecount="0" falsecount="2"/>
        <line num="10" count="0" type="stmt"/>
      </file>
      <file name="index.ts" path="C:\Users\User\Downloads\Varios\React\vite-react-tailwind-rick-and-morty\src\components\index.ts">
        <metrics statements="12" coveredstatements="12" conditionals="0" coveredconditionals="0" methods="12" coveredmethods="2"/>
        <line num="1" count="2" type="stmt"/>
        <line num="2" count="2" type="stmt"/>
        <line num="3" count="2" type="stmt"/>
        <line num="4" count="2" type="stmt"/>
        <line num="5" count="3" type="stmt"/>
        <line num="6" count="2" type="stmt"/>
        <line num="7" count="2" type="stmt"/>
        <line num="8" count="2" type="stmt"/>
        <line num="9" count="2" type="stmt"/>
        <line num="10" count="3" type="stmt"/>
        <line num="11" count="2" type="stmt"/>
        <line num="12" count="2" type="stmt"/>
      </file>
    </package>
    <package name="components.NavBar">
      <metrics statements="8" coveredstatements="4" conditionals="2" coveredconditionals="0" methods="1" coveredmethods="0"/>
      <file name="Navbar.tsx" path="C:\Users\User\Downloads\Varios\React\vite-react-tailwind-rick-and-morty\src\components\NavBar\Navbar.tsx">
        <metrics statements="8" coveredstatements="4" conditionals="2" coveredconditionals="0" methods="1" coveredmethods="0"/>
        <line num="1" count="2" type="stmt"/>
        <line num="2" count="2" type="stmt"/>
        <line num="3" count="2" type="stmt"/>
        <line num="5" count="2" type="stmt"/>
        <line num="8" count="0" type="cond" truecount="0" falsecount="2"/>
        <line num="9" count="0" type="stmt"/>
        <line num="20" count="0" type="stmt"/>
        <line num="32" count="0" type="stmt"/>
      </file>
    </package>
    <package name="components.NavBar.components">
      <metrics statements="7" coveredstatements="3" conditionals="6" coveredconditionals="0" methods="4" coveredmethods="0"/>
      <file name="Navigator.tsx" path="C:\Users\User\Downloads\Varios\React\vite-react-tailwind-rick-and-morty\src\components\NavBar\components\Navigator.tsx">
        <metrics statements="7" coveredstatements="3" conditionals="6" coveredconditionals="0" methods="4" coveredmethods="0"/>
        <line num="1" count="2" type="stmt"/>
        <line num="2" count="2" type="stmt"/>
        <line num="4" count="2" type="stmt"/>
        <line num="5" count="0" type="stmt"/>
        <line num="11" count="0" type="cond" truecount="0" falsecount="2"/>
        <line num="22" count="0" type="cond" truecount="0" falsecount="2"/>
        <line num="33" count="0" type="cond" truecount="0" falsecount="2"/>
      </file>
    </package>
  </project>
</coverage>
