<?xml version="1.0" encoding="UTF-8"?>
<coverage generated="1674065423824" clover="3.2.0">
  <project timestamp="1674065423825" name="All files">
    <metrics statements="51" coveredstatements="43" conditionals="41" coveredconditionals="16" methods="27" coveredmethods="20" elements="119" coveredelements="79" complexity="0" loc="51" ncloc="51" packages="4" files="14" classes="14"/>
    <package name="assets.images">
      <metrics statements="1" coveredstatements="1" conditionals="0" coveredconditionals="0" methods="0" coveredmethods="0"/>
      <file name="logo.png" path="C:\Users\User\Downloads\Varios\React\vite-react-tailwind-rick-and-morty\src\assets\images\logo.png">
        <metrics statements="1" coveredstatements="1" conditionals="0" coveredconditionals="0" methods="0" coveredmethods="0"/>
        <line num="1" count="10" type="stmt"/>
      </file>
    </package>
    <package name="components">
      <metrics statements="35" coveredstatements="35" conditionals="33" coveredconditionals="16" methods="22" coveredmethods="20"/>
      <file name="Button.tsx" path="C:\Users\User\Downloads\Varios\React\vite-react-tailwind-rick-and-morty\src\components\Button.tsx">
        <metrics statements="2" coveredstatements="2" conditionals="3" coveredconditionals="1" methods="1" coveredmethods="1"/>
        <line num="1" count="10" type="stmt"/>
        <line num="6" count="1" type="stmt"/>
      </file>
      <file name="DetailCard.tsx" path="C:\Users\User\Downloads\Varios\React\vite-react-tailwind-rick-and-morty\src\components\DetailCard.tsx">
        <metrics statements="2" coveredstatements="2" conditionals="0" coveredconditionals="0" methods="1" coveredmethods="1"/>
        <line num="1" count="10" type="stmt"/>
        <line num="2" count="1" type="stmt"/>
      </file>
      <file name="Form.tsx" path="C:\Users\User\Downloads\Varios\React\vite-react-tailwind-rick-and-morty\src\components\Form.tsx">
        <metrics statements="2" coveredstatements="2" conditionals="3" coveredconditionals="2" methods="1" coveredmethods="1"/>
        <line num="1" count="10" type="stmt"/>
        <line num="6" count="1" type="stmt"/>
      </file>
      <file name="GenericInput.tsx" path="C:\Users\User\Downloads\Varios\React\vite-react-tailwind-rick-and-morty\src\components\GenericInput.tsx">
        <metrics statements="2" coveredstatements="2" conditionals="8" coveredconditionals="8" methods="1" coveredmethods="1"/>
        <line num="1" count="10" type="stmt"/>
        <line num="11" count="2" type="stmt"/>
      </file>
      <file name="Image.tsx" path="C:\Users\User\Downloads\Varios\React\vite-react-tailwind-rick-and-morty\src\components\Image.tsx">
        <metrics statements="2" coveredstatements="2" conditionals="5" coveredconditionals="0" methods="1" coveredmethods="1"/>
        <line num="1" count="10" type="cond" truecount="0" falsecount="5"/>
        <line num="2" count="1" type="stmt"/>
      </file>
      <file name="SearchInput.tsx" path="C:\Users\User\Downloads\Varios\React\vite-react-tailwind-rick-and-morty\src\components\SearchInput.tsx">
        <metrics statements="3" coveredstatements="3" conditionals="0" coveredconditionals="0" methods="1" coveredmethods="1"/>
        <line num="1" count="10" type="stmt"/>
        <line num="3" count="10" type="stmt"/>
        <line num="4" count="1" type="stmt"/>
      </file>
      <file name="SimpleCard.tsx" path="C:\Users\User\Downloads\Varios\React\vite-react-tailwind-rick-and-morty\src\components\SimpleCard.tsx">
        <metrics statements="2" coveredstatements="2" conditionals="0" coveredconditionals="0" methods="1" coveredmethods="1"/>
        <line num="1" count="10" type="stmt"/>
        <line num="2" count="1" type="stmt"/>
      </file>
      <file name="Span.tsx" path="C:\Users\User\Downloads\Varios\React\vite-react-tailwind-rick-and-morty\src\components\Span.tsx">
        <metrics statements="2" coveredstatements="2" conditionals="2" coveredconditionals="0" methods="1" coveredmethods="1"/>
        <line num="1" count="10" type="cond" truecount="0" falsecount="2"/>
        <line num="2" count="1" type="stmt"/>
      </file>
      <file name="Table.tsx" path="C:\Users\User\Downloads\Varios\React\vite-react-tailwind-rick-and-morty\src\components\Table.tsx">
        <metrics statements="3" coveredstatements="3" conditionals="5" coveredconditionals="3" methods="1" coveredmethods="1"/>
        <line num="1" count="10" type="stmt"/>
        <line num="4" count="1" type="stmt"/>
        <line num="17" count="10" type="stmt"/>
      </file>
      <file name="Title.tsx" path="C:\Users\User\Downloads\Varios\React\vite-react-tailwind-rick-and-morty\src\components\Title.tsx">
        <metrics statements="3" coveredstatements="3" conditionals="7" coveredconditionals="2" methods="1" coveredmethods="1"/>
        <line num="1" count="10" type="cond" truecount="1" falsecount="2"/>
        <line num="3" count="1" type="cond" truecount="1" falsecount="1"/>
        <line num="10" count="1" type="stmt"/>
      </file>
      <file name="index.ts" path="C:\Users\User\Downloads\Varios\React\vite-react-tailwind-rick-and-morty\src\components\index.ts">
        <metrics statements="12" coveredstatements="12" conditionals="0" coveredconditionals="0" methods="12" coveredmethods="10"/>
        <line num="1" count="11" type="stmt"/>
        <line num="2" count="11" type="stmt"/>
        <line num="3" count="11" type="stmt"/>
        <line num="4" count="11" type="stmt"/>
        <line num="5" count="11" type="stmt"/>
        <line num="6" count="10" type="stmt"/>
        <line num="7" count="10" type="stmt"/>
        <line num="8" count="11" type="stmt"/>
        <line num="9" count="11" type="stmt"/>
        <line num="10" count="11" type="stmt"/>
        <line num="11" count="11" type="stmt"/>
        <line num="12" count="11" type="stmt"/>
      </file>
    </package>
    <package name="components.NavBar">
      <metrics statements="8" coveredstatements="4" conditionals="2" coveredconditionals="0" methods="1" coveredmethods="0"/>
      <file name="Navbar.tsx" path="C:\Users\User\Downloads\Varios\React\vite-react-tailwind-rick-and-morty\src\components\NavBar\Navbar.tsx">
        <metrics statements="8" coveredstatements="4" conditionals="2" coveredconditionals="0" methods="1" coveredmethods="0"/>
        <line num="1" count="10" type="stmt"/>
        <line num="2" count="10" type="stmt"/>
        <line num="3" count="10" type="stmt"/>
        <line num="5" count="10" type="stmt"/>
        <line num="8" count="0" type="cond" truecount="0" falsecount="2"/>
        <line num="9" count="0" type="stmt"/>
        <line num="20" count="0" type="stmt"/>
        <line num="32" count="0" type="stmt"/>
      </file>
    </package>
    <package name="components.NavBar.components">
      <metrics statements="7" coveredstatements="3" conditionals="6" coveredconditionals="0" methods="4" coveredmethods="0"/>
      <file name="Navigator.tsx" path="C:\Users\User\Downloads\Varios\React\vite-react-tailwind-rick-and-morty\src\components\NavBar\components\Navigator.tsx">
        <metrics statements="7" coveredstatements="3" conditionals="6" coveredconditionals="0" methods="4" coveredmethods="0"/>
        <line num="1" count="10" type="stmt"/>
        <line num="2" count="10" type="stmt"/>
        <line num="4" count="10" type="stmt"/>
        <line num="5" count="0" type="stmt"/>
        <line num="11" count="0" type="cond" truecount="0" falsecount="2"/>
        <line num="22" count="0" type="cond" truecount="0" falsecount="2"/>
        <line num="33" count="0" type="cond" truecount="0" falsecount="2"/>
      </file>
    </package>
  </project>
</coverage>
