{"C:\\Users\\User\\Downloads\\Varios\\React\\vite-react-tailwind-rick-and-morty\\src\\assets\\images\\logo.png": {"path":"C:\\Users\\User\\Downloads\\Varios\\React\\vite-react-tailwind-rick-and-morty\\src\\assets\\images\\logo.png","statementMap":{"0":{"start":{"line":1,"column":0},"end":{"line":1,"column":28}}},"fnMap":{},"branchMap":{},"s":{"0":10},"f":{},"b":{},"_coverageSchema":"1a1c01bbd47fc00a2c39e90264f33305004495a9","hash":"c6154856036454be96a3b5e5e6192cd46b7f813a"}
,"C:\\Users\\User\\Downloads\\Varios\\React\\vite-react-tailwind-rick-and-morty\\src\\components\\Button.tsx": {"path":"C:\\Users\\User\\Downloads\\Varios\\React\\vite-react-tailwind-rick-and-morty\\src\\components\\Button.tsx","statementMap":{"0":{"start":{"line":6,"column":2},"end":{"line":12,"column":4}},"1":{"start":{"line":1,"column":0},"end":{"line":1,"column":24}}},"fnMap":{"0":{"name":"Button","decl":{"start":{"line":1,"column":24},"end":{"line":1,"column":30}},"loc":{"start":{"line":5,"column":6},"end":{"line":13,"column":1}}}},"branchMap":{"0":{"loc":{"start":{"line":2,"column":2},"end":{"line":2,"column":17}},"type":"default-arg","locations":[{"start":{"line":2,"column":9},"end":{"line":2,"column":17}}]},"1":{"loc":{"start":{"line":3,"column":2},"end":{"line":3,"column":304}},"type":"default-arg","locations":[{"start":{"line":3,"column":14},"end":{"line":3,"column":304}}]},"2":{"loc":{"start":{"line":4,"column":2},"end":{"line":4,"column":22}},"type":"default-arg","locations":[{"start":{"line":4,"column":13},"end":{"line":4,"column":22}}]}},"s":{"0":1,"1":10},"f":{"0":1},"b":{"0":[0],"1":[0],"2":[1]}}
,"C:\\Users\\User\\Downloads\\Varios\\React\\vite-react-tailwind-rick-and-morty\\src\\components\\DetailCard.tsx": {"path":"C:\\Users\\User\\Downloads\\Varios\\React\\vite-react-tailwind-rick-and-morty\\src\\components\\DetailCard.tsx","statementMap":{"0":{"start":{"line":2,"column":2},"end":{"line":14,"column":4}},"1":{"start":{"line":1,"column":0},"end":{"line":1,"column":24}}},"fnMap":{"0":{"name":"DetailCard","decl":{"start":{"line":1,"column":24},"end":{"line":1,"column":34}},"loc":{"start":{"line":1,"column":52},"end":{"line":15,"column":1}}}},"branchMap":{},"s":{"0":1,"1":10},"f":{"0":1},"b":{}}
,"C:\\Users\\User\\Downloads\\Varios\\React\\vite-react-tailwind-rick-and-morty\\src\\components\\Form.tsx": {"path":"C:\\Users\\User\\Downloads\\Varios\\React\\vite-react-tailwind-rick-and-morty\\src\\components\\Form.tsx","statementMap":{"0":{"start":{"line":6,"column":2},"end":{"line":12,"column":4}},"1":{"start":{"line":1,"column":0},"end":{"line":1,"column":24}}},"fnMap":{"0":{"name":"Form","decl":{"start":{"line":1,"column":24},"end":{"line":1,"column":28}},"loc":{"start":{"line":5,"column":6},"end":{"line":13,"column":1}}}},"branchMap":{"0":{"loc":{"start":{"line":2,"column":2},"end":{"line":2,"column":304}},"type":"default-arg","locations":[{"start":{"line":2,"column":14},"end":{"line":2,"column":304}}]},"1":{"loc":{"start":{"line":3,"column":2},"end":{"line":3,"column":22}},"type":"default-arg","locations":[{"start":{"line":3,"column":13},"end":{"line":3,"column":22}}]},"2":{"loc":{"start":{"line":4,"column":2},"end":{"line":4,"column":22}},"type":"default-arg","locations":[{"start":{"line":4,"column":13},"end":{"line":4,"column":22}}]}},"s":{"0":1,"1":10},"f":{"0":1},"b":{"0":[0],"1":[1],"2":[1]}}
,"C:\\Users\\User\\Downloads\\Varios\\React\\vite-react-tailwind-rick-and-morty\\src\\components\\GenericInput.tsx": {"path":"C:\\Users\\User\\Downloads\\Varios\\React\\vite-react-tailwind-rick-and-morty\\src\\components\\GenericInput.tsx","statementMap":{"0":{"start":{"line":11,"column":2},"end":{"line":27,"column":4}},"1":{"start":{"line":1,"column":0},"end":{"line":1,"column":24}}},"fnMap":{"0":{"name":"GenericInput","decl":{"start":{"line":1,"column":24},"end":{"line":1,"column":36}},"loc":{"start":{"line":10,"column":6},"end":{"line":28,"column":1}}}},"branchMap":{"0":{"loc":{"start":{"line":2,"column":2},"end":{"line":2,"column":18}},"type":"default-arg","locations":[{"start":{"line":2,"column":9},"end":{"line":2,"column":18}}]},"1":{"loc":{"start":{"line":3,"column":2},"end":{"line":3,"column":16}},"type":"default-arg","locations":[{"start":{"line":3,"column":7},"end":{"line":3,"column":16}}]},"2":{"loc":{"start":{"line":4,"column":2},"end":{"line":4,"column":23}},"type":"default-arg","locations":[{"start":{"line":4,"column":14},"end":{"line":4,"column":23}}]},"3":{"loc":{"start":{"line":5,"column":2},"end":{"line":5,"column":25}},"type":"default-arg","locations":[{"start":{"line":5,"column":16},"end":{"line":5,"column":25}}]},"4":{"loc":{"start":{"line":6,"column":2},"end":{"line":6,"column":18}},"type":"default-arg","locations":[{"start":{"line":6,"column":9},"end":{"line":6,"column":18}}]},"5":{"loc":{"start":{"line":7,"column":2},"end":{"line":7,"column":19}},"type":"default-arg","locations":[{"start":{"line":7,"column":10},"end":{"line":7,"column":19}}]},"6":{"loc":{"start":{"line":8,"column":2},"end":{"line":8,"column":21}},"type":"default-arg","locations":[{"start":{"line":8,"column":12},"end":{"line":8,"column":21}}]},"7":{"loc":{"start":{"line":9,"column":2},"end":{"line":9,"column":22}},"type":"default-arg","locations":[{"start":{"line":9,"column":13},"end":{"line":9,"column":22}}]}},"s":{"0":2,"1":10},"f":{"0":2},"b":{"0":[2],"1":[2],"2":[1],"3":[1],"4":[1],"5":[2],"6":[2],"7":[2]}}
,"C:\\Users\\User\\Downloads\\Varios\\React\\vite-react-tailwind-rick-and-morty\\src\\components\\Image.tsx": {"path":"C:\\Users\\User\\Downloads\\Varios\\React\\vite-react-tailwind-rick-and-morty\\src\\components\\Image.tsx","statementMap":{"0":{"start":{"line":2,"column":2},"end":{"line":6,"column":4}},"1":{"start":{"line":1,"column":0},"end":{"line":1,"column":24}}},"fnMap":{"0":{"name":"Image","decl":{"start":{"line":1,"column":24},"end":{"line":1,"column":29}},"loc":{"start":{"line":1,"column":109},"end":{"line":7,"column":1}}}},"branchMap":{"0":{"loc":{"start":{"line":1,"column":32},"end":{"line":1,"column":40}},"type":"default-arg","locations":[{"start":{"line":1,"column":38},"end":{"line":1,"column":40}}]},"1":{"loc":{"start":{"line":1,"column":42},"end":{"line":1,"column":61}},"type":"default-arg","locations":[{"start":{"line":1,"column":50},"end":{"line":1,"column":61}}]},"2":{"loc":{"start":{"line":1,"column":63},"end":{"line":1,"column":78}},"type":"default-arg","locations":[{"start":{"line":1,"column":72},"end":{"line":1,"column":78}}]},"3":{"loc":{"start":{"line":1,"column":80},"end":{"line":1,"column":91}},"type":"default-arg","locations":[{"start":{"line":1,"column":86},"end":{"line":1,"column":91}}]},"4":{"loc":{"start":{"line":1,"column":93},"end":{"line":1,"column":107}},"type":"default-arg","locations":[{"start":{"line":1,"column":105},"end":{"line":1,"column":107}}]}},"s":{"0":1,"1":10},"f":{"0":1},"b":{"0":[0],"1":[0],"2":[0],"3":[0],"4":[0]}}
,"C:\\Users\\User\\Downloads\\Varios\\React\\vite-react-tailwind-rick-and-morty\\src\\components\\SearchInput.tsx": {"path":"C:\\Users\\User\\Downloads\\Varios\\React\\vite-react-tailwind-rick-and-morty\\src\\components\\SearchInput.tsx","statementMap":{"0":{"start":{"line":1,"column":0},"end":{"line":1,"column":42}},"1":{"start":{"line":4,"column":2},"end":{"line":29,"column":4}},"2":{"start":{"line":3,"column":0},"end":{"line":3,"column":24}}},"fnMap":{"0":{"name":"SearchInput","decl":{"start":{"line":3,"column":24},"end":{"line":3,"column":35}},"loc":{"start":{"line":3,"column":35},"end":{"line":30,"column":1}}}},"branchMap":{},"s":{"0":10,"1":1,"2":10},"f":{"0":1},"b":{}}
,"C:\\Users\\User\\Downloads\\Varios\\React\\vite-react-tailwind-rick-and-morty\\src\\components\\SimpleCard.tsx": {"path":"C:\\Users\\User\\Downloads\\Varios\\React\\vite-react-tailwind-rick-and-morty\\src\\components\\SimpleCard.tsx","statementMap":{"0":{"start":{"line":2,"column":2},"end":{"line":10,"column":4}},"1":{"start":{"line":1,"column":0},"end":{"line":1,"column":24}}},"fnMap":{"0":{"name":"SimpleCard","decl":{"start":{"line":1,"column":24},"end":{"line":1,"column":34}},"loc":{"start":{"line":1,"column":52},"end":{"line":11,"column":1}}}},"branchMap":{},"s":{"0":1,"1":10},"f":{"0":1},"b":{}}
,"C:\\Users\\User\\Downloads\\Varios\\React\\vite-react-tailwind-rick-and-morty\\src\\components\\Span.tsx": {"path":"C:\\Users\\User\\Downloads\\Varios\\React\\vite-react-tailwind-rick-and-morty\\src\\components\\Span.tsx","statementMap":{"0":{"start":{"line":2,"column":2},"end":{"line":8,"column":4}},"1":{"start":{"line":1,"column":0},"end":{"line":1,"column":24}}},"fnMap":{"0":{"name":"Span","decl":{"start":{"line":1,"column":24},"end":{"line":1,"column":28}},"loc":{"start":{"line":1,"column":67},"end":{"line":9,"column":1}}}},"branchMap":{"0":{"loc":{"start":{"line":1,"column":31},"end":{"line":1,"column":45}},"type":"default-arg","locations":[{"start":{"line":1,"column":43},"end":{"line":1,"column":45}}]},"1":{"loc":{"start":{"line":1,"column":47},"end":{"line":1,"column":60}},"type":"default-arg","locations":[{"start":{"line":1,"column":58},"end":{"line":1,"column":60}}]}},"s":{"0":1,"1":10},"f":{"0":1},"b":{"0":[0],"1":[0]}}
,"C:\\Users\\User\\Downloads\\Varios\\React\\vite-react-tailwind-rick-and-morty\\src\\components\\Table.tsx": {"path":"C:\\Users\\User\\Downloads\\Varios\\React\\vite-react-tailwind-rick-and-morty\\src\\components\\Table.tsx","statementMap":{"0":{"start":{"line":1,"column":0},"end":{"line":1,"column":40}},"1":{"start":{"line":4,"column":2},"end":{"line":14,"column":4}},"2":{"start":{"line":17,"column":0},"end":{"line":17,"column":21}}},"fnMap":{"0":{"name":"Table","decl":{"start":{"line":3,"column":9},"end":{"line":3,"column":14}},"loc":{"start":{"line":3,"column":85},"end":{"line":15,"column":1}}}},"branchMap":{"0":{"loc":{"start":{"line":3,"column":17},"end":{"line":3,"column":38}},"type":"default-arg","locations":[{"start":{"line":3,"column":29},"end":{"line":3,"column":38}}]},"1":{"loc":{"start":{"line":3,"column":40},"end":{"line":3,"column":59}},"type":"default-arg","locations":[{"start":{"line":3,"column":50},"end":{"line":3,"column":59}}]},"2":{"loc":{"start":{"line":3,"column":61},"end":{"line":3,"column":78}},"type":"default-arg","locations":[{"start":{"line":3,"column":73},"end":{"line":3,"column":78}}]},"3":{"loc":{"start":{"line":6,"column":7},"end":{"line":6,"column":35}},"type":"binary-expr","locations":[{"start":{"line":6,"column":7},"end":{"line":6,"column":16}},{"start":{"line":6,"column":20},"end":{"line":6,"column":35}}]}},"s":{"0":10,"1":1,"2":10},"f":{"0":1},"b":{"0":[1],"1":[1],"2":[0],"3":[1,0]}}
,"C:\\Users\\User\\Downloads\\Varios\\React\\vite-react-tailwind-rick-and-morty\\src\\components\\Title.tsx": {"path":"C:\\Users\\User\\Downloads\\Varios\\React\\vite-react-tailwind-rick-and-morty\\src\\components\\Title.tsx","statementMap":{"0":{"start":{"line":3,"column":4},"end":{"line":8,"column":null}},"1":{"start":{"line":10,"column":2},"end":{"line":10,"column":28}},"2":{"start":{"line":1,"column":0},"end":{"line":1,"column":24}}},"fnMap":{"0":{"name":"Title","decl":{"start":{"line":1,"column":24},"end":{"line":1,"column":29}},"loc":{"start":{"line":1,"column":88},"end":{"line":11,"column":1}}}},"branchMap":{"0":{"loc":{"start":{"line":1,"column":32},"end":{"line":1,"column":43}},"type":"default-arg","locations":[{"start":{"line":1,"column":39},"end":{"line":1,"column":43}}]},"1":{"loc":{"start":{"line":1,"column":45},"end":{"line":1,"column":65}},"type":"default-arg","locations":[{"start":{"line":1,"column":56},"end":{"line":1,"column":65}}]},"2":{"loc":{"start":{"line":1,"column":67},"end":{"line":1,"column":81}},"type":"default-arg","locations":[{"start":{"line":1,"column":79},"end":{"line":1,"column":81}}]},"3":{"loc":{"start":{"line":3,"column":4},"end":{"line":8,"column":null}},"type":"cond-expr","locations":[{"start":{"line":4,"column":6},"end":{"line":4,"column":47}},{"start":{"line":5,"column":8},"end":{"line":8,"column":null}}]},"4":{"loc":{"start":{"line":5,"column":8},"end":{"line":8,"column":null}},"type":"cond-expr","locations":[{"start":{"line":6,"column":6},"end":{"line":6,"column":47}},{"start":{"line":8,"column":6},"end":{"line":8,"column":47}}]}},"s":{"0":1,"1":1,"2":10},"f":{"0":1},"b":{"0":[0],"1":[1],"2":[0],"3":[1,0],"4":[0,0]}}
,"C:\\Users\\User\\Downloads\\Varios\\React\\vite-react-tailwind-rick-and-morty\\src\\components\\index.ts": {"path":"C:\\Users\\User\\Downloads\\Varios\\React\\vite-react-tailwind-rick-and-morty\\src\\components\\index.ts","statementMap":{"0":{"start":{"line":1,"column":0},"end":{"line":1,"column":9}},"1":{"start":{"line":1,"column":9},"end":{"line":1,"column":26}},"2":{"start":{"line":2,"column":0},"end":{"line":2,"column":9}},"3":{"start":{"line":2,"column":9},"end":{"line":2,"column":30}},"4":{"start":{"line":3,"column":0},"end":{"line":3,"column":9}},"5":{"start":{"line":3,"column":9},"end":{"line":3,"column":24}},"6":{"start":{"line":4,"column":0},"end":{"line":4,"column":9}},"7":{"start":{"line":4,"column":9},"end":{"line":4,"column":32}},"8":{"start":{"line":5,"column":0},"end":{"line":5,"column":9}},"9":{"start":{"line":5,"column":9},"end":{"line":5,"column":25}},"10":{"start":{"line":6,"column":0},"end":{"line":6,"column":9}},"11":{"start":{"line":6,"column":9},"end":{"line":6,"column":26}},"12":{"start":{"line":7,"column":0},"end":{"line":7,"column":9}},"13":{"start":{"line":7,"column":9},"end":{"line":7,"column":29}},"14":{"start":{"line":8,"column":0},"end":{"line":8,"column":9}},"15":{"start":{"line":8,"column":9},"end":{"line":8,"column":31}},"16":{"start":{"line":9,"column":0},"end":{"line":9,"column":9}},"17":{"start":{"line":9,"column":9},"end":{"line":9,"column":30}},"18":{"start":{"line":10,"column":0},"end":{"line":10,"column":9}},"19":{"start":{"line":10,"column":9},"end":{"line":10,"column":24}},"20":{"start":{"line":11,"column":0},"end":{"line":11,"column":9}},"21":{"start":{"line":11,"column":9},"end":{"line":11,"column":25}},"22":{"start":{"line":12,"column":0},"end":{"line":12,"column":9}},"23":{"start":{"line":12,"column":9},"end":{"line":12,"column":25}}},"fnMap":{"0":{"name":"(anonymous_0)","decl":{"start":{"line":1,"column":9},"end":{"line":1,"column":16}},"loc":{"start":{"line":1,"column":9},"end":{"line":1,"column":26}}},"1":{"name":"(anonymous_1)","decl":{"start":{"line":2,"column":9},"end":{"line":2,"column":16}},"loc":{"start":{"line":2,"column":9},"end":{"line":2,"column":30}}},"2":{"name":"(anonymous_2)","decl":{"start":{"line":3,"column":9},"end":{"line":3,"column":16}},"loc":{"start":{"line":3,"column":9},"end":{"line":3,"column":24}}},"3":{"name":"(anonymous_3)","decl":{"start":{"line":4,"column":9},"end":{"line":4,"column":16}},"loc":{"start":{"line":4,"column":9},"end":{"line":4,"column":32}}},"4":{"name":"(anonymous_4)","decl":{"start":{"line":5,"column":9},"end":{"line":5,"column":16}},"loc":{"start":{"line":5,"column":9},"end":{"line":5,"column":25}}},"5":{"name":"(anonymous_5)","decl":{"start":{"line":6,"column":9},"end":{"line":6,"column":16}},"loc":{"start":{"line":6,"column":9},"end":{"line":6,"column":26}}},"6":{"name":"(anonymous_6)","decl":{"start":{"line":7,"column":9},"end":{"line":7,"column":16}},"loc":{"start":{"line":7,"column":9},"end":{"line":7,"column":29}}},"7":{"name":"(anonymous_7)","decl":{"start":{"line":8,"column":9},"end":{"line":8,"column":16}},"loc":{"start":{"line":8,"column":9},"end":{"line":8,"column":31}}},"8":{"name":"(anonymous_8)","decl":{"start":{"line":9,"column":9},"end":{"line":9,"column":16}},"loc":{"start":{"line":9,"column":9},"end":{"line":9,"column":30}}},"9":{"name":"(anonymous_9)","decl":{"start":{"line":10,"column":9},"end":{"line":10,"column":16}},"loc":{"start":{"line":10,"column":9},"end":{"line":10,"column":24}}},"10":{"name":"(anonymous_10)","decl":{"start":{"line":11,"column":9},"end":{"line":11,"column":16}},"loc":{"start":{"line":11,"column":9},"end":{"line":11,"column":25}}},"11":{"name":"(anonymous_11)","decl":{"start":{"line":12,"column":9},"end":{"line":12,"column":16}},"loc":{"start":{"line":12,"column":9},"end":{"line":12,"column":25}}}},"branchMap":{},"s":{"0":10,"1":11,"2":10,"3":11,"4":10,"5":11,"6":10,"7":11,"8":10,"9":11,"10":10,"11":10,"12":10,"13":10,"14":10,"15":11,"16":10,"17":11,"18":10,"19":11,"20":10,"21":11,"22":10,"23":11},"f":{"0":1,"1":1,"2":1,"3":1,"4":1,"5":0,"6":0,"7":1,"8":1,"9":1,"10":1,"11":1},"b":{}}
,"C:\\Users\\User\\Downloads\\Varios\\React\\vite-react-tailwind-rick-and-morty\\src\\components\\NavBar\\Navbar.tsx": {"path":"C:\\Users\\User\\Downloads\\Varios\\React\\vite-react-tailwind-rick-and-morty\\src\\components\\NavBar\\Navbar.tsx","statementMap":{"0":{"start":{"line":1,"column":0},"end":{"line":1,"column":52}},"1":{"start":{"line":2,"column":0},"end":{"line":2,"column":42}},"2":{"start":{"line":3,"column":0},"end":{"line":3,"column":44}},"3":{"start":{"line":8,"column":2},"end":{"line":30,"column":null}},"4":{"start":{"line":9,"column":4},"end":{"line":18,"column":6}},"5":{"start":{"line":20,"column":4},"end":{"line":29,"column":6}},"6":{"start":{"line":32,"column":2},"end":{"line":39,"column":4}},"7":{"start":{"line":5,"column":0},"end":{"line":5,"column":24}}},"fnMap":{"0":{"name":"Navbar","decl":{"start":{"line":5,"column":24},"end":{"line":5,"column":30}},"loc":{"start":{"line":5,"column":58},"end":{"line":40,"column":1}}}},"branchMap":{"0":{"loc":{"start":{"line":8,"column":2},"end":{"line":30,"column":null}},"type":"if","locations":[{"start":{"line":8,"column":2},"end":{"line":30,"column":null}},{"start":{"line":19,"column":9},"end":{"line":30,"column":null}}]}},"s":{"0":10,"1":10,"2":10,"3":0,"4":0,"5":0,"6":0,"7":10},"f":{"0":0},"b":{"0":[0,0]}}
,"C:\\Users\\User\\Downloads\\Varios\\React\\vite-react-tailwind-rick-and-morty\\src\\components\\NavBar\\components\\Navigator.tsx": {"path":"C:\\Users\\User\\Downloads\\Varios\\React\\vite-react-tailwind-rick-and-morty\\src\\components\\NavBar\\components\\Navigator.tsx","statementMap":{"0":{"start":{"line":1,"column":0},"end":{"line":1,"column":43}},"1":{"start":{"line":2,"column":0},"end":{"line":2,"column":43}},"2":{"start":{"line":5,"column":2},"end":{"line":44,"column":4}},"3":{"start":{"line":11,"column":14},"end":{"line":11,"column":65}},"4":{"start":{"line":22,"column":14},"end":{"line":22,"column":65}},"5":{"start":{"line":33,"column":14},"end":{"line":33,"column":65}},"6":{"start":{"line":4,"column":0},"end":{"line":4,"column":24}}},"fnMap":{"0":{"name":"Navigator","decl":{"start":{"line":4,"column":24},"end":{"line":4,"column":33}},"loc":{"start":{"line":4,"column":48},"end":{"line":45,"column":1}}},"1":{"name":"(anonymous_1)","decl":{"start":{"line":10,"column":19},"end":{"line":10,"column":20}},"loc":{"start":{"line":10,"column":36},"end":{"line":12,"column":13}}},"2":{"name":"(anonymous_2)","decl":{"start":{"line":21,"column":19},"end":{"line":21,"column":20}},"loc":{"start":{"line":21,"column":36},"end":{"line":23,"column":13}}},"3":{"name":"(anonymous_3)","decl":{"start":{"line":32,"column":19},"end":{"line":32,"column":20}},"loc":{"start":{"line":32,"column":36},"end":{"line":34,"column":13}}}},"branchMap":{"0":{"loc":{"start":{"line":11,"column":30},"end":{"line":11,"column":62}},"type":"cond-expr","locations":[{"start":{"line":11,"column":41},"end":{"line":11,"column":50}},{"start":{"line":11,"column":53},"end":{"line":11,"column":62}}]},"1":{"loc":{"start":{"line":22,"column":30},"end":{"line":22,"column":62}},"type":"cond-expr","locations":[{"start":{"line":22,"column":41},"end":{"line":22,"column":50}},{"start":{"line":22,"column":53},"end":{"line":22,"column":62}}]},"2":{"loc":{"start":{"line":33,"column":30},"end":{"line":33,"column":62}},"type":"cond-expr","locations":[{"start":{"line":33,"column":41},"end":{"line":33,"column":50}},{"start":{"line":33,"column":53},"end":{"line":33,"column":62}}]}},"s":{"0":10,"1":10,"2":0,"3":0,"4":0,"5":0,"6":10},"f":{"0":0,"1":0,"2":0,"3":0},"b":{"0":[0,0],"1":[0,0],"2":[0,0]}}
}
