TN:
SF:src\assets\images\logo.png
FNF:0
FNH:0
DA:1,2
LF:1
LH:1
BRF:0
BRH:0
end_of_record
TN:
SF:src\components\Button.tsx
FN:1,Button
FNF:1
FNH:0
FNDA:0,Button
DA:1,2
DA:6,0
LF:2
LH:1
BRDA:2,0,0,0
BRDA:3,1,0,0
BRF:2
BRH:0
end_of_record
TN:
SF:src\components\DetailCard.tsx
FN:5,DetailCard
FNF:1
FNH:0
FNDA:0,DetailCard
DA:1,2
DA:2,2
DA:3,2
DA:5,2
DA:6,0
LF:5
LH:4
BRF:0
BRH:0
end_of_record
TN:
SF:src\components\Form.tsx
FN:1,Form
FNF:1
FNH:0
FNDA:0,Form
DA:1,2
DA:2,0
LF:2
LH:1
BRF:0
BRH:0
end_of_record
TN:
SF:src\components\GenericInput.tsx
FN:1,GenericInput
FNF:1
FNH:0
FNDA:0,GenericInput
DA:1,2
DA:2,0
LF:2
LH:1
BRF:0
BRH:0
end_of_record
TN:
SF:src\components\Image.tsx
FN:1,Image
FNF:1
FNH:1
FNDA:1,Image
DA:1,2
DA:2,1
LF:2
LH:2
BRDA:1,0,0,0
BRDA:1,1,0,0
BRDA:1,2,0,0
BRDA:1,3,0,0
BRDA:1,4,0,0
BRF:5
BRH:0
end_of_record
TN:
SF:src\components\SearchInput.tsx
FN:3,SearchInput
FNF:1
FNH:0
FNDA:0,SearchInput
DA:1,2
DA:3,2
DA:4,0
LF:3
LH:2
BRF:0
BRH:0
end_of_record
TN:
SF:src\components\SimpleCard.tsx
FN:1,SimpleCard
FNF:1
FNH:0
FNDA:0,SimpleCard
DA:1,2
DA:2,0
LF:2
LH:1
BRF:0
BRH:0
end_of_record
TN:
SF:src\components\Span.tsx
FN:1,Span
FNF:1
FNH:1
FNDA:1,Span
DA:1,2
DA:2,1
LF:2
LH:2
BRDA:1,0,0,0
BRDA:1,1,0,0
BRF:2
BRH:0
end_of_record
TN:
SF:src\components\Table.tsx
FN:3,Table
FNF:1
FNH:0
FNDA:0,Table
DA:1,2
DA:4,0
DA:17,2
LF:3
LH:2
BRDA:3,0,0,0
BRDA:6,1,0,0
BRDA:6,1,1,0
BRF:3
BRH:0
end_of_record
TN:
SF:src\components\Title.tsx
FN:1,Title
FNF:1
FNH:0
FNDA:0,Title
DA:1,2
DA:3,0
DA:10,0
LF:3
LH:1
BRDA:1,0,0,0
BRDA:1,1,0,0
BRDA:3,2,0,0
BRDA:3,2,1,0
BRDA:5,3,0,0
BRDA:5,3,1,0
BRF:6
BRH:0
end_of_record
TN:
SF:src\components\index.ts
FN:1,(anonymous_0)
FN:2,(anonymous_1)
FN:3,(anonymous_2)
FN:4,(anonymous_3)
FN:5,(anonymous_4)
FN:6,(anonymous_5)
FN:7,(anonymous_6)
FN:8,(anonymous_7)
FN:9,(anonymous_8)
FN:10,(anonymous_9)
FN:11,(anonymous_10)
FN:12,(anonymous_11)
FNF:12
FNH:2
FNDA:0,(anonymous_0)
FNDA:0,(anonymous_1)
FNDA:0,(anonymous_2)
FNDA:0,(anonymous_3)
FNDA:1,(anonymous_4)
FNDA:0,(anonymous_5)
FNDA:0,(anonymous_6)
FNDA:0,(anonymous_7)
FNDA:0,(anonymous_8)
FNDA:1,(anonymous_9)
FNDA:0,(anonymous_10)
FNDA:0,(anonymous_11)
DA:1,2
DA:2,2
DA:3,2
DA:4,2
DA:5,3
DA:6,2
DA:7,2
DA:8,2
DA:9,2
DA:10,3
DA:11,2
DA:12,2
LF:12
LH:12
BRF:0
BRH:0
end_of_record
TN:
SF:src\components\NavBar\Navbar.tsx
FN:5,Navbar
FNF:1
FNH:0
FNDA:0,Navbar
DA:1,2
DA:2,2
DA:3,2
DA:5,2
DA:8,0
DA:9,0
DA:20,0
DA:32,0
LF:8
LH:4
BRDA:8,0,0,0
BRDA:8,0,1,0
BRF:2
BRH:0
end_of_record
TN:
SF:src\components\NavBar\components\Navigator.tsx
FN:4,Navigator
FN:10,(anonymous_1)
FN:21,(anonymous_2)
FN:32,(anonymous_3)
FNF:4
FNH:0
FNDA:0,Navigator
FNDA:0,(anonymous_1)
FNDA:0,(anonymous_2)
FNDA:0,(anonymous_3)
DA:1,2
DA:2,2
DA:4,2
DA:5,0
DA:11,0
DA:22,0
DA:33,0
LF:7
LH:3
BRDA:11,0,0,0
BRDA:11,0,1,0
BRDA:22,1,0,0
BRDA:22,1,1,0
BRDA:33,2,0,0
BRDA:33,2,1,0
BRF:6
BRH:0
end_of_record
